<?xml version="1.0" encoding="UTF-8"?>
<testsuite xmlns:xsi="http://www.w3.org/2001/XMLSchema-instance" xsi:noNamespaceSchemaLocation="https://maven.apache.org/surefire/maven-surefire-plugin/xsd/surefire-test-report-3.0.xsd" version="3.0" name="com.inforcap.sistemaclientes.servicio.ClienteServicioTest" time="299.98" tests="2" errors="0" skipped="0" failures="1">
  <properties>
[...]
</properties>
  <testcase name="agrearClienteNullTest" classname="com.inforcap.sistemaclientes.servicio.ClienteServicioTest" time="0.017">
    <system-err><![CDATA[Aug 19, 2024 4:25:33 PM com.inforcap.sistemaclientes.servicio.ClienteServicioTest setup
INFO: Inicio pruebas Clase ClienteServicio
]]></system-err>
  </testcase>
  <testcase name="agrearClienteTest" classname="com.inforcap.sistemaclientes.servicio.ClienteServicioTest" time="299.916">
    <failure message="expected: &lt;true&gt; but was: &lt;false&gt;" type="org.opentest4j.AssertionFailedError"><![CDATA[org.opentest4j.AssertionFailedError: expected: <true> but was: <false>
	at org.junit.jupiter.api.AssertionFailureBuilder.build(AssertionFailureBuilder.java:151)
	at org.junit.jupiter.api.AssertionFailureBuilder.buildAndThrow(AssertionFailureBuilder.java:132)
	at org.junit.jupiter.api.AssertTrue.failNotTrue(AssertTrue.java:63)
	at org.junit.jupiter.api.AssertTrue.assertTrue(AssertTrue.java:36)
	at org.junit.jupiter.api.AssertTrue.assertTrue(AssertTrue.java:31)
	at org.junit.jupiter.api.Assertions.assertTrue(Assertions.java:183)
	at com.inforcap.sistemaclientes.servicio.ClienteServicioTest.agrearClienteTest(ClienteServicioTest.java:38)
	at java.base/java.lang.reflect.Method.invoke(Method.java:580)
	at java.base/java.util.ArrayList.forEach(ArrayList.java:1596)
	at java.base/java.util.ArrayList.forEach(ArrayList.java:1596)
]]></failure>
  </testcase>
</testsuite>